<?xml version="1.0" encoding="UTF-8"?>
<!-- Generated by org.testng.reporters.JUnitReportReporter -->
<testsuite hostname="DESKTOP-AG4Q1E3" failures="0" tests="1" name="APICALLS.HTTP_post" time="2.966" errors="0" timestamp="2021-02-04T15:00:01 MST" skipped="0">
  <testcase classname="APICALLS.HTTP_post" name="Post_req" time="2.966"/>
  <system-out/>
</testsuite> <!-- APICALLS.HTTP_post -->
